kotlin version: 2.1.20
error message: org.jetbrains.kotlin.backend.common.BackendException: Backend Internal error: Exception during IR lowering
File being compiled: /Users/parvesh/AndroidStudioProjects/MicrowaveOvenProject/app/src/main/java/com/tokheim/microwaveovenproject/MainActivity.kt
The root cause java.lang.RuntimeException was thrown at: org.jetbrains.kotlin.backend.jvm.codegen.FunctionCodegen.generate(FunctionCodegen.kt:48)
	at org.jetbrains.kotlin.backend.common.CodegenUtil.reportBackendException(CodegenUtil.kt:107)
	at org.jetbrains.kotlin.backend.common.CodegenUtil.reportBackendException$default(CodegenUtil.kt:90)
	at org.jetbrains.kotlin.backend.common.phaser.PerformByIrFilePhase.invokeSequential(performByIrFile.kt:54)
	at org.jetbrains.kotlin.backend.common.phaser.PerformByIrFilePhase.invoke(performByIrFile.kt:41)
	at org.jetbrains.kotlin.backend.common.phaser.PerformByIrFilePhase.invoke(performByIrFile.kt:27)
	at org.jetbrains.kotlin.config.phaser.CompilerPhaseKt.invokeToplevel(CompilerPhase.kt:62)
	at org.jetbrains.kotlin.backend.jvm.JvmIrCodegenFactory.invokeCodegen(JvmIrCodegenFactory.kt:371)
	at org.jetbrains.kotlin.cli.jvm.compiler.KotlinToJVMBytecodeCompiler.runCodegen$cli(KotlinToJVMBytecodeCompiler.kt:413)
	at org.jetbrains.kotlin.cli.pipeline.jvm.JvmBackendPipelinePhase.executePhase(JvmBackendPipelinePhase.kt:98)
	at org.jetbrains.kotlin.cli.pipeline.jvm.JvmBackendPipelinePhase.executePhase(JvmBackendPipelinePhase.kt:30)
	at org.jetbrains.kotlin.cli.pipeline.PipelinePhase.phaseBody(PipelinePhase.kt:68)
	at org.jetbrains.kotlin.cli.pipeline.PipelinePhase.phaseBody(PipelinePhase.kt:58)
	at org.jetbrains.kotlin.config.phaser.SimpleNamedCompilerPhase.phaseBody(CompilerPhase.kt:215)
	at org.jetbrains.kotlin.config.phaser.NamedCompilerPhase.invoke(CompilerPhase.kt:111)
	at org.jetbrains.kotlin.backend.common.phaser.CompositePhase.invoke(PhaseBuilders.kt:28)
	at org.jetbrains.kotlin.config.phaser.CompilerPhaseKt.invokeToplevel(CompilerPhase.kt:62)
	at org.jetbrains.kotlin.cli.pipeline.AbstractCliPipeline.runPhasedPipeline(AbstractCliPipeline.kt:106)
	at org.jetbrains.kotlin.cli.pipeline.AbstractCliPipeline.execute(AbstractCliPipeline.kt:65)
	at org.jetbrains.kotlin.cli.jvm.K2JVMCompiler.doExecutePhased(K2JVMCompiler.kt:61)
	at org.jetbrains.kotlin.cli.jvm.K2JVMCompiler.doExecutePhased(K2JVMCompiler.kt:36)
	at org.jetbrains.kotlin.cli.common.CLICompiler.execImpl(CLICompiler.kt:80)
	at org.jetbrains.kotlin.cli.common.CLICompiler.exec(CLICompiler.kt:337)
	at org.jetbrains.kotlin.incremental.IncrementalJvmCompilerRunner.runCompiler(IncrementalJvmCompilerRunner.kt:466)
	at org.jetbrains.kotlin.incremental.IncrementalJvmCompilerRunner.runCompiler(IncrementalJvmCompilerRunner.kt:75)
	at org.jetbrains.kotlin.incremental.IncrementalCompilerRunner.doCompile(IncrementalCompilerRunner.kt:514)
	at org.jetbrains.kotlin.incremental.IncrementalCompilerRunner.compileImpl(IncrementalCompilerRunner.kt:431)
	at org.jetbrains.kotlin.incremental.IncrementalCompilerRunner.compileNonIncrementally(IncrementalCompilerRunner.kt:310)
	at org.jetbrains.kotlin.incremental.IncrementalCompilerRunner.compile(IncrementalCompilerRunner.kt:137)
	at org.jetbrains.kotlin.daemon.CompileServiceImplBase.execIncrementalCompiler(CompileServiceImpl.kt:678)
	at org.jetbrains.kotlin.daemon.CompileServiceImplBase.access$execIncrementalCompiler(CompileServiceImpl.kt:92)
	at org.jetbrains.kotlin.daemon.CompileServiceImpl.compile(CompileServiceImpl.kt:1805)
	at java.base/jdk.internal.reflect.DirectMethodHandleAccessor.invoke(Unknown Source)
	at java.base/java.lang.reflect.Method.invoke(Unknown Source)
	at java.rmi/sun.rmi.server.UnicastServerRef.dispatch(Unknown Source)
	at java.rmi/sun.rmi.transport.Transport$1.run(Unknown Source)
	at java.rmi/sun.rmi.transport.Transport$1.run(Unknown Source)
	at java.base/java.security.AccessController.doPrivileged(Unknown Source)
	at java.rmi/sun.rmi.transport.Transport.serviceCall(Unknown Source)
	at java.rmi/sun.rmi.transport.tcp.TCPTransport.handleMessages(Unknown Source)
	at java.rmi/sun.rmi.transport.tcp.TCPTransport$ConnectionHandler.run0(Unknown Source)
	at java.rmi/sun.rmi.transport.tcp.TCPTransport$ConnectionHandler.lambda$run$0(Unknown Source)
	at java.base/java.security.AccessController.doPrivileged(Unknown Source)
	at java.rmi/sun.rmi.transport.tcp.TCPTransport$ConnectionHandler.run(Unknown Source)
	at java.base/java.util.concurrent.ThreadPoolExecutor.runWorker(Unknown Source)
	at java.base/java.util.concurrent.ThreadPoolExecutor$Worker.run(Unknown Source)
	at java.base/java.lang.Thread.run(Unknown Source)
Caused by: java.lang.RuntimeException: Exception while generating code for:
FUN name:MicrowaveUI visibility:public modality:FINAL <> (microwave:com.tokheim.microwaveovenproject.data.FakeMicrowave) returnType:kotlin.Unit
  annotations:
    Composable
  VALUE_PARAMETER name:microwave index:0 type:com.tokheim.microwaveovenproject.data.FakeMicrowave
  BLOCK_BODY
    VAR name:scope type:kotlinx.coroutines.CoroutineScope [val]
      CALL 'public final fun rememberCoroutineScope$default (getContext: @[DisallowComposableCalls] kotlin.Function0<kotlin.coroutines.CoroutineContext>?, $mask0: kotlin.Int, $handler: kotlin.Any?): kotlinx.coroutines.CoroutineScope [inline] declared in androidx.compose.runtime.EffectsKt' type=kotlinx.coroutines.CoroutineScope origin=DEFAULT_DISPATCH_CALL
        getContext: COMPOSITE type=@[DisallowComposableCalls] kotlin.Function0<kotlin.coroutines.CoroutineContext>? origin=DEFAULT_VALUE
          CONST Null type=@[DisallowComposableCalls] kotlin.Function0<kotlin.coroutines.CoroutineContext>? value=null
        $mask0: CONST Int type=kotlin.Int value=1
        $handler: CONST Null type=kotlin.Any? value=null
    VAR PROPERTY_DELEGATE name:status$delegate type:androidx.compose.runtime.MutableState<kotlin.String> [val]
      CALL 'public final fun remember <T> (calculation: @[DisallowComposableCalls] kotlin.Function0<T of androidx.compose.runtime.ComposablesKt.remember>): T of androidx.compose.runtime.ComposablesKt.remember [inline] declared in androidx.compose.runtime.ComposablesKt' type=androidx.compose.runtime.MutableState<kotlin.String> origin=null
        <T>: androidx.compose.runtime.MutableState<kotlin.String>
        calculation: BLOCK type=kotlin.Function0<androidx.compose.runtime.MutableState<kotlin.String>> origin=LAMBDA
          COMPOSITE type=kotlin.Unit origin=null
          FUNCTION_REFERENCE 'private final fun MicrowaveUI$lambda$0 (): androidx.compose.runtime.MutableState<kotlin.String> declared in com.tokheim.microwaveovenproject.MainActivityKt' type=kotlin.Function0<androidx.compose.runtime.MutableState<kotlin.String>> origin=INLINE_LAMBDA reflectionTarget=null
    CALL 'public final fun LaunchedEffect (key1: kotlin.Any?, block: @[ExtensionFunctionType] kotlin.coroutines.SuspendFunction1<kotlinx.coroutines.CoroutineScope, kotlin.Unit>): kotlin.Unit declared in androidx.compose.runtime.EffectsKt' type=kotlin.Unit origin=null
      key1: GET_FIELD 'FIELD FIELD_FOR_OBJECT_INSTANCE name:INSTANCE type:kotlin.Unit visibility:public [final,static] declared in kotlin.Unit' type=kotlin.Unit origin=null
      block: BLOCK type=com.tokheim.microwaveovenproject.MainActivityKt.MicrowaveUI.<no name provided> origin=null
        CLASS SUSPEND_LAMBDA CLASS name:<no name provided> modality:FINAL visibility:public/*package*/ superTypes:[kotlin.coroutines.jvm.internal.SuspendLambda; kotlin.jvm.functions.Function2<kotlinx.coroutines.CoroutineScope, kotlin.coroutines.Continuation<kotlin.Unit>?, kotlin.Any?>]
          $this: VALUE_PARAMETER INSTANCE_RECEIVER name:<this> type:com.tokheim.microwaveovenproject.MainActivityKt.MicrowaveUI.<no name provided>
          FIELD name:label type:kotlin.Int visibility:public/*package*/
          CONSTRUCTOR SUSPEND_LAMBDA visibility:public/*package*/ <> ($microwave:com.tokheim.microwaveovenproject.data.FakeMicrowave, $status$delegate:androidx.compose.runtime.MutableState<kotlin.String>, $completion:kotlin.coroutines.Continuation<com.tokheim.microwaveovenproject.MainActivityKt.MicrowaveUI.<no name provided>>?) returnType:com.tokheim.microwaveovenproject.MainActivityKt.MicrowaveUI.<no name provided> [primary]
            VALUE_PARAMETER BOUND_VALUE_PARAMETER name:$microwave index:0 type:com.tokheim.microwaveovenproject.data.FakeMicrowave
            VALUE_PARAMETER BOUND_VALUE_PARAMETER name:$status$delegate index:1 type:androidx.compose.runtime.MutableState<kotlin.String>
            VALUE_PARAMETER name:$completion index:2 type:kotlin.coroutines.Continuation<com.tokheim.microwaveovenproject.MainActivityKt.MicrowaveUI.<no name provided>>?
            BLOCK_BODY
              SET_FIELD 'FIELD FIELD_FOR_CAPTURED_VALUE name:$microwave type:com.tokheim.microwaveovenproject.data.FakeMicrowave visibility:public/*package*/ [final] declared in com.tokheim.microwaveovenproject.MainActivityKt.MicrowaveUI.<no name provided>' type=kotlin.Unit origin=INITIALIZER_OF_FIELD_FOR_CAPTURED_VALUE
                receiver: GET_VAR '<this>: com.tokheim.microwaveovenproject.MainActivityKt.MicrowaveUI.<no name provided> declared in com.tokheim.microwaveovenproject.MainActivityKt.MicrowaveUI.<no name provided>' type=com.tokheim.microwaveovenproject.MainActivityKt.MicrowaveUI.<no name provided> origin=null
                value: GET_VAR '$microwave: com.tokheim.microwaveovenproject.data.FakeMicrowave declared in com.tokheim.microwaveovenproject.MainActivityKt.MicrowaveUI.<no name provided>.<init>' type=com.tokheim.microwaveovenproject.data.FakeMicrowave origin=null
              SET_FIELD 'FIELD FIELD_FOR_CAPTURED_VALUE name:$status$delegate type:androidx.compose.runtime.MutableState<kotlin.String> visibility:public/*package*/ [final] declared in com.tokheim.microwaveovenproject.MainActivityKt.MicrowaveUI.<no name provided>' type=kotlin.Unit origin=INITIALIZER_OF_FIELD_FOR_CAPTURED_VALUE
                receiver: GET_VAR '<this>: com.tokheim.microwaveovenproject.MainActivityKt.MicrowaveUI.<no name provided> declared in com.tokheim.microwaveovenproject.MainActivityKt.MicrowaveUI.<no name provided>' type=com.tokheim.microwaveovenproject.MainActivityKt.MicrowaveUI.<no name provided> origin=null
                value: GET_VAR '$status$delegate: androidx.compose.runtime.MutableState<kotlin.String> declared in com.tokheim.microwaveovenproject.MainActivityKt.MicrowaveUI.<no name provided>.<init>' type=androidx.compose.runtime.MutableState<kotlin.String> origin=null
              DELEGATING_CONSTRUCTOR_CALL 'public constructor <init> (arity: kotlin.Int, $completion: kotlin.coroutines.Continuation<kotlin.Any?>?) declared in kotlin.coroutines.jvm.internal.SuspendLambda'
                arity: CONST Int type=kotlin.Int value=2
                $completion: GET_VAR '$completion: kotlin.coroutines.Continuation<com.tokheim.microwaveovenproject.MainActivityKt.MicrowaveUI.<no name provided>>? declared in com.tokheim.microwaveovenproject.MainActivityKt.MicrowaveUI.<no name provided>.<init>' type=kotlin.coroutines.Continuation<com.tokheim.microwaveovenproject.MainActivityKt.MicrowaveUI.<no name provided>>? origin=null
              BLOCK type=kotlin.Unit origin=null
          FUN name:invokeSuspend visibility:public modality:FINAL <> ($this:com.tokheim.microwaveovenproject.MainActivityKt.MicrowaveUI.<no name provided>, $result:kotlin.Result<kotlin.Any?>) returnType:kotlin.Any?
            overridden:
              protected abstract fun invokeSuspend ($result: kotlin.Result<kotlin.Any?>): kotlin.Any? declared in kotlin.coroutines.jvm.internal.SuspendLambda
            $this: VALUE_PARAMETER INSTANCE_RECEIVER name:<this> type:com.tokheim.microwaveovenproject.MainActivityKt.MicrowaveUI.<no name provided>
            VALUE_PARAMETER name:$result index:0 type:kotlin.Result<kotlin.Any?>
            BLOCK_BODY
              CALL 'public final fun collectLatest <T> (action: kotlin.coroutines.SuspendFunction1<@[ParameterName(name = "value")] T of kotlinx.coroutines.flow.FlowKt.collectLatest, kotlin.Unit>, $completion: kotlin.coroutines.Continuation<kotlin.Unit>): kotlin.Any? [suspend] declared in kotlinx.coroutines.flow.FlowKt' type=kotlin.Unit origin=null
                <T>: kotlin.Boolean
                $receiver: CALL 'public open fun <get-doorStatusChanged> (): kotlinx.coroutines.flow.SharedFlow<kotlin.Boolean> declared in com.tokheim.microwaveovenproject.data.FakeMicrowave' type=kotlinx.coroutines.flow.SharedFlow<kotlin.Boolean> origin=GET_PROPERTY
                  $this: GET_FIELD 'FIELD FIELD_FOR_CAPTURED_VALUE name:$microwave type:com.tokheim.microwaveovenproject.data.FakeMicrowave visibility:public/*package*/ [final] declared in com.tokheim.microwaveovenproject.MainActivityKt.MicrowaveUI.<no name provided>' type=com.tokheim.microwaveovenproject.data.FakeMicrowave origin=null
                    receiver: GET_VAR '<this>: com.tokheim.microwaveovenproject.MainActivityKt.MicrowaveUI.<no name provided> declared in com.tokheim.microwaveovenproject.MainActivityKt.MicrowaveUI.<no name provided>.invokeSuspend' type=com.tokheim.microwaveovenproject.MainActivityKt.MicrowaveUI.<no name provided> origin=null
                action: BLOCK type=com.tokheim.microwaveovenproject.MainActivityKt.MicrowaveUI.<no name provided>.invokeSuspend.<no name provided> origin=null
                  CLASS SUSPEND_LAMBDA CLASS name:<no name provided> modality:FINAL visibility:public/*package*/ superTypes:[kotlin.coroutines.jvm.internal.SuspendLambda; kotlin.jvm.functions.Function2<kotlin.Boolean, kotlin.coroutines.Continuation<kotlin.Unit>?, kotlin.Any?>]
                    $this: VALUE_PARAMETER INSTANCE_RECEIVER name:<this> type:com.tokheim.microwaveovenproject.MainActivityKt.MicrowaveUI.<no name provided>.invokeSuspend.<no name provided>
                    FIELD name:label type:kotlin.Int visibility:public/*package*/
                    FIELD FIELD_FOR_CAPTURED_VALUE name:Z$0 type:kotlin.Boolean visibility:public/*package*/
                    CONSTRUCTOR SUSPEND_LAMBDA visibility:public/*package*/ <> ($status$delegate:androidx.compose.runtime.MutableState<kotlin.String>, $completion:kotlin.coroutines.Continuation<com.tokheim.microwaveovenproject.MainActivityKt.MicrowaveUI.<no name provided>.invokeSuspend.<no name provided>>?) returnType:com.tokheim.microwaveovenproject.MainActivityKt.MicrowaveUI.<no name provided>.invokeSuspend.<no name provided> [primary]
                      VALUE_PARAMETER BOUND_VALUE_PARAMETER name:$status$delegate index:0 type:androidx.compose.runtime.MutableState<kotlin.String>
                      VALUE_PARAMETER name:$completion index:1 type:kotlin.coroutines.Continuation<com.tokheim.microwaveovenproject.MainActivityKt.MicrowaveUI.<no name provided>.invokeSuspend.<no name provided>>?
                      BLOCK_BODY
                        SET_FIELD 'FIELD FIELD_FOR_CAPTURED_VALUE name:$status$delegate type:androidx.compose.runtime.MutableState<kotlin.String> visibility:public/*package*/ [final] declared in com.tokheim.microwaveovenproject.MainActivityKt.MicrowaveUI.<no name provided>.invokeSuspend.<no name provided>' type=kotlin.Unit origin=INITIALIZER_OF_FIELD_FOR_CAPTURED_VALUE
                          receiver: GET_VAR '<this>: com.tokheim.microwaveovenproject.MainActivityKt.MicrowaveUI.<no name provided>.invokeSuspend.<no name provided> declared in com.tokheim.microwaveovenproject.MainActivityKt.MicrowaveUI.<no name provided>.invokeSuspend.<no name provided>' type=com.tokheim.microwaveovenproject.MainActivityKt.MicrowaveUI.<no name provided>.invokeSuspend.<no name provided> origin=null
                          value: GET_VAR '$status$delegate: androidx.compose.runtime.MutableState<kotlin.String> declared in com.tokheim.microwaveovenproject.MainActivityKt.MicrowaveUI.<no name provided>.invokeSuspend.<no name provided>.<init>' type=androidx.compose.runtime.MutableState<kotlin.String> origin=null
                        DELEGATING_CONSTRUCTOR_CALL 'public constructor <init> (arity: kotlin.Int, $completion: kotlin.coroutines.Continuation<kotlin.Any?>?) declared in kotlin.coroutines.jvm.internal.SuspendLambda'
                          arity: CONST Int type=kotlin.Int value=2
                          $completion: GET_VAR '$completion: kotlin.coroutines.Continuation<com.tokheim.microwaveovenproject.MainActivityKt.MicrowaveUI.<no name provided>.invokeSuspend.<no name provided>>? declared in com.tokheim.microwaveovenproject.MainActivityKt.MicrowaveUI.<no name provided>.invokeSuspend.<no name provided>.<init>' type=kotlin.coroutines.Continuation<com.tokheim.microwaveovenproject.MainActivityKt.MicrowaveUI.<no name provided>.invokeSuspend.<no name provided>>? origin=null
                        BLOCK type=kotlin.Unit origin=null
                    FUN name:invokeSuspend visibility:public modality:FINAL <> ($this:com.tokheim.microwaveovenproject.MainActivityKt.MicrowaveUI.<no name provided>.invokeSuspend.<no name provided>, $result:kotlin.Result<kotlin.Any?>) returnType:kotlin.Any?
                      overridden:
                        protected abstract fun invokeSuspend ($result: kotlin.Result<kotlin.Any?>): kotlin.Any? declared in kotlin.coroutines.jvm.internal.SuspendLambda
                      $this: VALUE_PARAMETER INSTANCE_RECEIVER name:<this> type:com.tokheim.microwaveovenproject.MainActivityKt.MicrowaveUI.<no name provided>.invokeSuspend.<no name provided>
                      VALUE_PARAMETER name:$result index:0 type:kotlin.Result<kotlin.Any?>
                      BLOCK_BODY
                        VAR SUSPEND_LAMBDA_PARAMETER name:it type:kotlin.Boolean [val]
                          BLOCK type=kotlin.Boolean origin=null
                            GET_FIELD 'FIELD FIELD_FOR_CAPTURED_VALUE name:Z$0 type:kotlin.Boolean visibility:public/*package*/ declared in com.tokheim.microwaveovenproject.MainActivityKt.MicrowaveUI.<no name provided>.invokeSuspend.<no name provided>' type=kotlin.Boolean origin=null
                              receiver: GET_VAR '<this>: com.tokheim.microwaveovenproject.MainActivityKt.MicrowaveUI.<no name provided>.invokeSuspend.<no name provided> declared in com.tokheim.microwaveovenproject.MainActivityKt.MicrowaveUI.<no name provided>.invokeSuspend.<no name provided>.invokeSuspend' type=com.tokheim.microwaveovenproject.MainActivityKt.MicrowaveUI.<no name provided>.invokeSuspend.<no name provided> origin=null
                        CALL 'public final fun access$MicrowaveUI$lambda$2 ($status$delegate: androidx.compose.runtime.MutableState<kotlin.String>, <set-?>: kotlin.String): kotlin.Unit declared in com.tokheim.microwaveovenproject.MainActivityKt' type=kotlin.Unit origin=EQ
                          $status$delegate: GET_FIELD 'FIELD FIELD_FOR_CAPTURED_VALUE name:$status$delegate type:androidx.compose.runtime.MutableState<kotlin.String> visibility:public/*package*/ [final] declared in com.tokheim.microwaveovenproject.MainActivityKt.MicrowaveUI.<no name provided>.invokeSuspend.<no name provided>' type=androidx.compose.runtime.MutableState<kotlin.String> origin=null
                            receiver: GET_VAR '<this>: com.tokheim.microwaveovenproject.MainActivityKt.MicrowaveUI.<no name provided>.invokeSuspend.<no name provided> declared in com.tokheim.microwaveovenproject.MainActivityKt.MicrowaveUI.<no name provided>.invokeSuspend.<no name provided>.invokeSuspend' type=com.tokheim.microwaveovenproject.MainActivityKt.MicrowaveUI.<no name provided>.invokeSuspend.<no name provided> origin=null
                          <set-?>: WHEN type=kotlin.String origin=IF
                            BRANCH
                              if: GET_VAR 'val it: kotlin.Boolean [val] declared in com.tokheim.microwaveovenproject.MainActivityKt.MicrowaveUI.<no name provided>.invokeSuspend.<no name provided>.invokeSuspend' type=kotlin.Boolean origin=null
                              then: CONST String type=kotlin.String value="Door Open"
                            BRANCH
                              if: CONST Boolean type=kotlin.Boolean value=true
                              then: CONST String type=kotlin.String value="Door Closed"
                    FUN name:create visibility:public modality:FINAL <> ($this:com.tokheim.microwaveovenproject.MainActivityKt.MicrowaveUI.<no name provided>.invokeSuspend.<no name provided>, value:kotlin.Any?, $completion:kotlin.coroutines.Continuation<kotlin.Nothing>) returnType:kotlin.coroutines.Continuation<kotlin.Unit>
                      overridden:
                        public open fun create (value: kotlin.Any?, $completion: kotlin.coroutines.Continuation<kotlin.Nothing>): kotlin.coroutines.Continuation<kotlin.Unit> declared in kotlin.coroutines.jvm.internal.SuspendLambda
                      $this: VALUE_PARAMETER INSTANCE_RECEIVER name:<this> type:com.tokheim.microwaveovenproject.MainActivityKt.MicrowaveUI.<no name provided>.invokeSuspend.<no name provided>
                      VALUE_PARAMETER name:value index:0 type:kotlin.Any?
                      VALUE_PARAMETER name:$completion index:1 type:kotlin.coroutines.Continuation<kotlin.Nothing>
                      BLOCK_BODY
                        VAR IR_TEMPORARY_VARIABLE name:tmp0_result type:com.tokheim.microwaveovenproject.MainActivityKt.MicrowaveUI.<no name provided>.invokeSuspend.<no name provided> [val]
                          CONSTRUCTOR_CALL 'public/*package*/ constructor <init> ($status$delegate: androidx.compose.runtime.MutableState<kotlin.String>, $completion: kotlin.coroutines.Continuation<com.tokheim.microwaveovenproject.MainActivityKt.MicrowaveUI.<no name provided>.invokeSuspend.<no name provided>>?) [primary] declared in com.tokheim.microwaveovenproject.MainActivityKt.MicrowaveUI.<no name provided>.invokeSuspend.<no name provided>' type=com.tokheim.microwaveovenproject.MainActivityKt.MicrowaveUI.<no name provided>.invokeSuspend.<no name provided> origin=null
                            $status$delegate: GET_FIELD 'FIELD FIELD_FOR_CAPTURED_VALUE name:$status$delegate type:androidx.compose.runtime.MutableState<kotlin.String> visibility:public/*package*/ [final] declared in com.tokheim.microwaveovenproject.MainActivityKt.MicrowaveUI.<no name provided>.invokeSuspend.<no name provided>' type=androidx.compose.runtime.MutableState<kotlin.String> origin=null
                              receiver: GET_VAR '<this>: com.tokheim.microwaveovenproject.MainActivityKt.MicrowaveUI.<no name provided>.invokeSuspend.<no name provided> declared in com.tokheim.microwaveovenproject.MainActivityKt.MicrowaveUI.<no name provided>.invokeSuspend.<no name provided>.create' type=com.tokheim.microwaveovenproject.MainActivityKt.MicrowaveUI.<no name provided>.invokeSuspend.<no name provided> origin=null
                            $completion: GET_VAR '$completion: kotlin.coroutines.Continuation<kotlin.Nothing> declared in com.tokheim.microwaveovenproject.MainActivityKt.MicrowaveUI.<no name provided>.invokeSuspend.<no name provided>.create' type=kotlin.coroutines.Continuation<kotlin.Nothing> origin=null
                        SET_FIELD 'FIELD FIELD_FOR_CAPTURED_VALUE name:Z$0 type:kotlin.Boolean visibility:public/*package*/ declared in com.tokheim.microwaveovenproject.MainActivityKt.MicrowaveUI.<no name provided>.invokeSuspend.<no name provided>' type=kotlin.Unit origin=null
                          receiver: GET_VAR 'val tmp0_result: com.tokheim.microwaveovenproject.MainActivityKt.MicrowaveUI.<no name provided>.invokeSuspend.<no name provided> [val] declared in com.tokheim.microwaveovenproject.MainActivityKt.MicrowaveUI.<no name provided>.invokeSuspend.<no name provided>.create' type=com.tokheim.microwaveovenproject.MainActivityKt.MicrowaveUI.<no name provided>.invokeSuspend.<no name provided> origin=null
                          value: GET_VAR 'value: kotlin.Any? declared in com.tokheim.microwaveovenproject.MainActivityKt.MicrowaveUI.<no name provided>.invokeSuspend.<no name provided>.create' type=kotlin.Any? origin=null
                        RETURN type=kotlin.Nothing from='public final fun create (value: kotlin.Any?, $completion: kotlin.coroutines.Continuation<kotlin.Nothing>): kotlin.coroutines.Continuation<kotlin.Unit> declared in com.tokheim.microwaveovenproject.MainActivityKt.MicrowaveUI.<no name provided>.invokeSuspend.<no name provided>'
                          GET_VAR 'val tmp0_result: com.tokheim.microwaveovenproject.MainActivityKt.MicrowaveUI.<no name provided>.invokeSuspend.<no name provided> [val] declared in com.tokheim.microwaveovenproject.MainActivityKt.MicrowaveUI.<no name provided>.invokeSuspend.<no name provided>.create' type=com.tokheim.microwaveovenproject.MainActivityKt.MicrowaveUI.<no name provided>.invokeSuspend.<no name provided> origin=null
                    FUN name:invoke visibility:public modality:FINAL <> ($this:com.tokheim.microwaveovenproject.MainActivityKt.MicrowaveUI.<no name provided>.invokeSuspend.<no name provided>, p1:kotlin.Boolean, p2:kotlin.coroutines.Continuation<kotlin.Unit>?) returnType:kotlin.Any?
                      overridden:
                        public abstract fun invoke (p1: P1 of kotlin.jvm.functions.Function2, p2: P2 of kotlin.jvm.functions.Function2): R of kotlin.jvm.functions.Function2 declared in kotlin.jvm.functions.Function2
                      $this: VALUE_PARAMETER INSTANCE_RECEIVER name:<this> type:com.tokheim.microwaveovenproject.MainActivityKt.MicrowaveUI.<no name provided>.invokeSuspend.<no name provided>
                      VALUE_PARAMETER name:p1 index:0 type:kotlin.Boolean
                      VALUE_PARAMETER name:p2 index:1 type:kotlin.coroutines.Continuation<kotlin.Unit>?
                      BLOCK_BODY
                        RETURN type=kotlin.Nothing from='public final fun invoke (p1: kotlin.Boolean, p2: kotlin.coroutines.Continuation<kotlin.Unit>?): kotlin.Any? declared in com.tokheim.microwaveovenproject.MainActivityKt.MicrowaveUI.<no name provided>.invokeSuspend.<no name provided>'
                          CALL 'public final fun invokeSuspend ($result: kotlin.Result<kotlin.Any?>): kotlin.Any? declared in com.tokheim.microwaveovenproject.MainActivityKt.MicrowaveUI.<no name provided>.invokeSuspend.<no name provided>' type=kotlin.Any? origin=null
                            $this: TYPE_OP type=com.tokheim.microwaveovenproject.MainActivityKt.MicrowaveUI.<no name provided>.invokeSuspend.<no name provided> origin=IMPLICIT_CAST typeOperand=com.tokheim.microwaveovenproject.MainActivityKt.MicrowaveUI.<no name provided>.invokeSuspend.<no name provided>
                              CALL 'public final fun create (value: kotlin.Any?, $completion: kotlin.coroutines.Continuation<kotlin.Nothing>): kotlin.coroutines.Continuation<kotlin.Unit> declared in com.tokheim.microwaveovenproject.MainActivityKt.MicrowaveUI.<no name provided>.invokeSuspend.<no name provided>' type=kotlin.coroutines.Continuation<kotlin.Unit> origin=null
                                $this: GET_VAR '<this>: com.tokheim.microwaveovenproject.MainActivityKt.MicrowaveUI.<no name provided>.invokeSuspend.<no name provided> declared in com.tokheim.microwaveovenproject.MainActivityKt.MicrowaveUI.<no name provided>.invokeSuspend.<no name provided>.invoke' type=com.tokheim.microwaveovenproject.MainActivityKt.MicrowaveUI.<no name provided>.invokeSuspend.<no name provided> origin=null
                                value: GET_VAR 'p1: kotlin.Boolean declared in com.tokheim.microwaveovenproject.MainActivityKt.MicrowaveUI.<no name provided>.invokeSuspend.<no name provided>.invoke' type=kotlin.Boolean origin=null
                                $completion: GET_VAR 'p2: kotlin.coroutines.Continuation<kotlin.Unit>? declared in com.tokheim.microwaveovenproject.MainActivityKt.MicrowaveUI.<no name provided>.invokeSuspend.<no name provided>.invoke' type=kotlin.coroutines.Continuation<kotlin.Unit>? origin=null
                            $result: CALL 'public final fun <unsafe-coerce> <T, R> (v: T of kotlin.jvm.internal.<unsafe-coerce>): R of kotlin.jvm.internal.<unsafe-coerce> declared in kotlin.jvm.internal' type=kotlin.Result<kotlin.Any?> origin=null
                              <T>: kotlin.Any?
                              <R>: kotlin.Result<kotlin.Any?>
                              v: GET_FIELD 'FIELD FIELD_FOR_OBJECT_INSTANCE name:INSTANCE type:kotlin.Unit visibility:public [final,static] declared in kotlin.Unit' type=kotlin.Unit origin=null
                    FIELD FIELD_FOR_CAPTURED_VALUE name:$status$delegate type:androidx.compose.runtime.MutableState<kotlin.String> visibility:public/*package*/ [final]
                    FUN BRIDGE name:invoke visibility:public modality:OPEN <> ($this:com.tokheim.microwaveovenproject.MainActivityKt.MicrowaveUI.<no name provided>.invokeSuspend.<no name provided>, p1:kotlin.Any?, p2:kotlin.Any?) returnType:kotlin.Any?
                      $this: VALUE_PARAMETER INSTANCE_RECEIVER name:<this> type:com.tokheim.microwaveovenproject.MainActivityKt.MicrowaveUI.<no name provided>.invokeSuspend.<no name provided>
                      VALUE_PARAMETER BRIDGE name:p1 index:0 type:kotlin.Any?
                      VALUE_PARAMETER BRIDGE name:p2 index:1 type:kotlin.Any?
                      EXPRESSION_BODY
                        RETURN type=kotlin.Nothing from='public open fun invoke (p1: kotlin.Any?, p2: kotlin.Any?): kotlin.Any? declared in com.tokheim.microwaveovenproject.MainActivityKt.MicrowaveUI.<no name provided>.invokeSuspend.<no name provided>'
                          CALL 'public final fun invoke (p1: kotlin.Boolean, p2: kotlin.coroutines.Continuation<kotlin.Unit>?): kotlin.Any? declared in com.tokheim.microwaveovenproject.MainActivityKt.MicrowaveUI.<no name provided>.invokeSuspend.<no name provided>' type=kotlin.Any? origin=BRIDGE_DELEGATION
                            $this: GET_VAR '<this>: com.tokheim.microwaveovenproject.MainActivityKt.MicrowaveUI.<no name provided>.invokeSuspend.<no name provided> declared in com.tokheim.microwaveovenproject.MainActivityKt.MicrowaveUI.<no name provided>.invokeSuspend.<no name provided>.invoke' type=com.tokheim.microwaveovenproject.MainActivityKt.MicrowaveUI.<no name provided>.invokeSuspend.<no name provided> origin=null
                            p1: TYPE_OP type=kotlin.Boolean origin=IMPLICIT_CAST typeOperand=kotlin.Boolean
                              GET_VAR 'p1: kotlin.Any? declared in com.tokheim.microwaveovenproject.MainActivityKt.MicrowaveUI.<no name provided>.invokeSuspend.<no name provided>.invoke' type=kotlin.Any? origin=null
                            p2: TYPE_OP type=kotlin.coroutines.Continuation<*> origin=IMPLICIT_CAST typeOperand=kotlin.coroutines.Continuation<*>
                              GET_VAR 'p2: kotlin.Any? declared in com.tokheim.microwaveovenproject.MainActivityKt.MicrowaveUI.<no name provided>.invokeSuspend.<no name provided>.invoke' type=kotlin.Any? origin=null
                  CONSTRUCTOR_CALL 'public/*package*/ constructor <init> ($status$delegate: androidx.compose.runtime.MutableState<kotlin.String>, $completion: kotlin.coroutines.Continuation<com.tokheim.microwaveovenproject.MainActivityKt.MicrowaveUI.<no name provided>.invokeSuspend.<no name provided>>?) [primary] declared in com.tokheim.microwaveovenproject.MainActivityKt.MicrowaveUI.<no name provided>.invokeSuspend.<no name provided>' type=com.tokheim.microwaveovenproject.MainActivityKt.MicrowaveUI.<no name provided>.invokeSuspend.<no name provided> origin=null
                    $status$delegate: GET_FIELD 'FIELD FIELD_FOR_CAPTURED_VALUE name:$status$delegate type:androidx.compose.runtime.MutableState<kotlin.String> visibility:public/*package*/ [final] declared in com.tokheim.microwaveovenproject.MainActivityKt.MicrowaveUI.<no name provided>' type=androidx.compose.runtime.MutableState<kotlin.String> origin=null
                      receiver: GET_VAR '<this>: com.tokheim.microwaveovenproject.MainActivityKt.MicrowaveUI.<no name provided> declared in com.tokheim.microwaveovenproject.MainActivityKt.MicrowaveUI.<no name provided>.invokeSuspend' type=com.tokheim.microwaveovenproject.MainActivityKt.MicrowaveUI.<no name provided> origin=null
                    $completion: CONST Null type=kotlin.Nothing? value=null
                $completion: GET_VAR '<this>: com.tokheim.microwaveovenproject.MainActivityKt.MicrowaveUI.<no name provided> declared in com.tokheim.microwaveovenproject.MainActivityKt.MicrowaveUI.<no name provided>.invokeSuspend' type=com.tokheim.microwaveovenproject.MainActivityKt.MicrowaveUI.<no name provided> origin=null
          FUN name:create visibility:public modality:FINAL <> ($this:com.tokheim.microwaveovenproject.MainActivityKt.MicrowaveUI.<no name provided>, value:kotlin.Any?, $completion:kotlin.coroutines.Continuation<kotlin.Nothing>) returnType:kotlin.coroutines.Continuation<kotlin.Unit>
            overridden:
              public open fun create (value: kotlin.Any?, $completion: kotlin.coroutines.Continuation<kotlin.Nothing>): kotlin.coroutines.Continuation<kotlin.Unit> declared in kotlin.coroutines.jvm.internal.SuspendLambda
            $this: VALUE_PARAMETER INSTANCE_RECEIVER name:<this> type:com.tokheim.microwaveovenproject.MainActivityKt.MicrowaveUI.<no name provided>
            VALUE_PARAMETER name:value index:0 type:kotlin.Any?
            VALUE_PARAMETER name:$completion index:1 type:kotlin.coroutines.Continuation<kotlin.Nothing>
            BLOCK_BODY
              RETURN type=kotlin.Nothing from='public final fun create (value: kotlin.Any?, $completion: kotlin.coroutines.Continuation<kotlin.Nothing>): kotlin.coroutines.Continuation<kotlin.Unit> declared in com.tokheim.microwaveovenproject.MainActivityKt.MicrowaveUI.<no name provided>'
                CONSTRUCTOR_CALL 'public/*package*/ constructor <init> ($microwave: com.tokheim.microwaveovenproject.data.FakeMicrowave, $status$delegate: androidx.compose.runtime.MutableState<kotlin.String>, $completion: kotlin.coroutines.Continuation<com.tokheim.microwaveovenproject.MainActivityKt.MicrowaveUI.<no name provided>>?) [primary] declared in com.tokheim.microwaveovenproject.MainActivityKt.MicrowaveUI.<no name provided>' type=com.tokheim.microwaveovenproject.MainActivityKt.MicrowaveUI.<no name provided> origin=null
                  $microwave: GET_FIELD 'FIELD FIELD_FOR_CAPTURED_VALUE name:$microwave type:com.tokheim.microwaveovenproject.data.FakeMicrowave visibility:public/*package*/ [final] declared in com.tokheim.microwaveovenproject.MainActivityKt.MicrowaveUI.<no name provided>' type=com.tokheim.microwaveovenproject.data.FakeMicrowave origin=null
                    receiver: GET_VAR '<this>: com.tokheim.microwaveovenproject.MainActivityKt.MicrowaveUI.<no name provided> declared in com.tokheim.microwaveovenproject.MainActivityKt.MicrowaveUI.<no name provided>.create' type=com.tokheim.microwaveovenproject.MainActivityKt.MicrowaveUI.<no name provided> origin=null
                  $status$delegate: GET_FIELD 'FIELD FIELD_FOR_CAPTURED_VALUE name:$status$delegate type:androidx.compose.runtime.MutableState<kotlin.String> visibility:public/*package*/ [final] declared in com.tokheim.microwaveovenproject.MainActivityKt.MicrowaveUI.<no name provided>' type=androidx.compose.runtime.MutableState<kotlin.String> origin=null
                    receiver: GET_VAR '<this>: com.tokheim.microwaveovenproject.MainActivityKt.MicrowaveUI.<no name provided> declared in com.tokheim.microwaveovenproject.MainActivityKt.MicrowaveUI.<no name provided>.create' type=com.tokheim.microwaveovenproject.MainActivityKt.MicrowaveUI.<no name provided> origin=null
                  $completion: GET_VAR '$completion: kotlin.coroutines.Continuation<kotlin.Nothing> declared in com.tokheim.microwaveovenproject.MainActivityKt.MicrowaveUI.<no name provided>.create' type=kotlin.coroutines.Continuation<kotlin.Nothing> origin=null
          FUN name:invoke visibility:public modality:FINAL <> ($this:com.tokheim.microwaveovenproject.MainActivityKt.MicrowaveUI.<no name provided>, p1:kotlinx.coroutines.CoroutineScope, p2:kotlin.coroutines.Continuation<kotlin.Unit>?) returnType:kotlin.Any?
            overridden:
              public abstract fun invoke (p1: P1 of kotlin.jvm.functions.Function2, p2: P2 of kotlin.jvm.functions.Function2): R of kotlin.jvm.functions.Function2 declared in kotlin.jvm.functions.Function2
            $this: VALUE_PARAMETER INSTANCE_RECEIVER name:<this> type:com.tokheim.microwaveovenproject.MainActivityKt.MicrowaveUI.<no name provided>
            VALUE_PARAMETER name:p1 index:0 type:kotlinx.coroutines.CoroutineScope
            VALUE_PARAMETER name:p2 index:1 type:kotlin.coroutines.Continuation<kotlin.Unit>?
            BLOCK_BODY
              RETURN type=kotlin.Nothing from='public final fun invoke (p1: kotlinx.coroutines.CoroutineScope, p2: kotlin.coroutines.Continuation<kotlin.Unit>?): kotlin.Any? declared in com.tokheim.microwaveovenproject.MainActivityKt.MicrowaveUI.<no name provided>'
                CALL 'public final fun invokeSuspend ($result: kotlin.Result<kotlin.Any?>): kotlin.Any? declared in com.tokheim.microwaveovenproject.MainActivityKt.MicrowaveUI.<no name provided>' type=kotlin.Any? origin=null
                  $this: TYPE_OP type=com.tokheim.microwaveovenproject.MainActivityKt.MicrowaveUI.<no name provided> origin=IMPLICIT_CAST typeOperand=com.tokheim.microwaveovenproject.MainActivityKt.MicrowaveUI.<no name provided>
                    CALL 'public final fun create (value: kotlin.Any?, $completion: kotlin.coroutines.Continuation<kotlin.Nothing>): kotlin.coroutines.Continuation<kotlin.Unit> declared in com.tokheim.microwaveovenproject.MainActivityKt.MicrowaveUI.<no name provided>' type=kotlin.coroutines.Continuation<kotlin.Unit> origin=null
                      $this: GET_VAR '<this>: com.tokheim.microwaveovenproject.MainActivityKt.MicrowaveUI.<no name provided> declared in com.tokheim.microwaveovenproject.MainActivityKt.MicrowaveUI.<no name provided>.invoke' type=com.tokheim.microwaveovenproject.MainActivityKt.MicrowaveUI.<no name provided> origin=null
                      value: GET_VAR 'p1: kotlinx.coroutines.CoroutineScope declared in com.tokheim.microwaveovenproject.MainActivityKt.MicrowaveUI.<no name provided>.invoke' type=kotlinx.coroutines.CoroutineScope origin=null
                      $completion: GET_VAR 'p2: kotlin.coroutines.Continuation<kotlin.Unit>? declared in com.tokheim.microwaveovenproject.MainActivityKt.MicrowaveUI.<no name provided>.invoke' type=kotlin.coroutines.Continuation<kotlin.Unit>? origin=null
                  $result: CALL 'public final fun <unsafe-coerce> <T, R> (v: T of kotlin.jvm.internal.<unsafe-coerce>): R of kotlin.jvm.internal.<unsafe-coerce> declared in kotlin.jvm.internal' type=kotlin.Result<kotlin.Any?> origin=null
                    <T>: kotlin.Any?
                    <R>: kotlin.Result<kotlin.Any?>
                    v: GET_FIELD 'FIELD FIELD_FOR_OBJECT_INSTANCE name:INSTANCE type:kotlin.Unit visibility:public [final,static] declared in kotlin.Unit' type=kotlin.Unit origin=null
          FIELD FIELD_FOR_CAPTURED_VALUE name:$microwave type:com.tokheim.microwaveovenproject.data.FakeMicrowave visibility:public/*package*/ [final]
          FIELD FIELD_FOR_CAPTURED_VALUE name:$status$delegate type:androidx.compose.runtime.MutableState<kotlin.String> visibility:public/*package*/ [final]
          FUN BRIDGE name:invoke visibility:public modality:OPEN <> ($this:com.tokheim.microwaveovenproject.MainActivityKt.MicrowaveUI.<no name provided>, p1:kotlin.Any?, p2:kotlin.Any?) returnType:kotlin.Any?
            $this: VALUE_PARAMETER INSTANCE_RECEIVER name:<this> type:com.tokheim.microwaveovenproject.MainActivityKt.MicrowaveUI.<no name provided>
            VALUE_PARAMETER BRIDGE name:p1 index:0 type:kotlin.Any?
            VALUE_PARAMETER BRIDGE name:p2 index:1 type:kotlin.Any?
            EXPRESSION_BODY
              RETURN type=kotlin.Nothing from='public open fun invoke (p1: kotlin.Any?, p2: kotlin.Any?): kotlin.Any? declared in com.tokheim.microwaveovenproject.MainActivityKt.MicrowaveUI.<no name provided>'
                CALL 'public final fun invoke (p1: kotlinx.coroutines.CoroutineScope, p2: kotlin.coroutines.Continuation<kotlin.Unit>?): kotlin.Any? declared in com.tokheim.microwaveovenproject.MainActivityKt.MicrowaveUI.<no name provided>' type=kotlin.Any? origin=BRIDGE_DELEGATION
                  $this: GET_VAR '<this>: com.tokheim.microwaveovenproject.MainActivityKt.MicrowaveUI.<no name provided> declared in com.tokheim.microwaveovenproject.MainActivityKt.MicrowaveUI.<no name provided>.invoke' type=com.tokheim.microwaveovenproject.MainActivityKt.MicrowaveUI.<no name provided> origin=null
                  p1: TYPE_OP type=kotlinx.coroutines.CoroutineScope origin=IMPLICIT_CAST typeOperand=kotlinx.coroutines.CoroutineScope
                    GET_VAR 'p1: kotlin.Any? declared in com.tokheim.microwaveovenproject.MainActivityKt.MicrowaveUI.<no name provided>.invoke' type=kotlin.Any? origin=null
                  p2: TYPE_OP type=kotlin.coroutines.Continuation<*> origin=IMPLICIT_CAST typeOperand=kotlin.coroutines.Continuation<*>
                    GET_VAR 'p2: kotlin.Any? declared in com.tokheim.microwaveovenproject.MainActivityKt.MicrowaveUI.<no name provided>.invoke' type=kotlin.Any? origin=null
        CONSTRUCTOR_CALL 'public/*package*/ constructor <init> ($microwave: com.tokheim.microwaveovenproject.data.FakeMicrowave, $status$delegate: androidx.compose.runtime.MutableState<kotlin.String>, $completion: kotlin.coroutines.Continuation<com.tokheim.microwaveovenproject.MainActivityKt.MicrowaveUI.<no name provided>>?) [primary] declared in com.tokheim.microwaveovenproject.MainActivityKt.MicrowaveUI.<no name provided>' type=com.tokheim.microwaveovenproject.MainActivityKt.MicrowaveUI.<no name provided> origin=null
          $microwave: GET_VAR 'microwave: com.tokheim.microwaveovenproject.data.FakeMicrowave declared in com.tokheim.microwaveovenproject.MainActivityKt.MicrowaveUI' type=com.tokheim.microwaveovenproject.data.FakeMicrowave origin=null
          $status$delegate: GET_VAR 'val status$delegate: androidx.compose.runtime.MutableState<kotlin.String> [val] declared in com.tokheim.microwaveovenproject.MainActivityKt.MicrowaveUI' type=androidx.compose.runtime.MutableState<kotlin.String> origin=null
          $completion: CONST Null type=kotlin.Nothing? value=null
    CALL 'public final fun Column$default (modifier: androidx.compose.ui.Modifier?, verticalArrangement: androidx.compose.foundation.layout.Arrangement.Vertical?, horizontalAlignment: androidx.compose.ui.Alignment.Horizontal?, content: @[Composable] @[ExtensionFunctionType] kotlin.Function1<androidx.compose.foundation.layout.ColumnScope, kotlin.Unit>, $mask0: kotlin.Int, $handler: kotlin.Any?): kotlin.Unit [inline] declared in androidx.compose.foundation.layout.ColumnKt' type=kotlin.Unit origin=DEFAULT_DISPATCH_CALL
      modifier: CALL 'public final fun padding-3ABfNKs (all: androidx.compose.ui.unit.Dp): androidx.compose.ui.Modifier declared in androidx.compose.foundation.layout.PaddingKt' type=androidx.compose.ui.Modifier origin=null
        $receiver: GET_FIELD 'FIELD FIELD_FOR_OBJECT_INSTANCE name:Companion type:androidx.compose.ui.Modifier.Companion visibility:public [final,static] declared in androidx.compose.ui.Modifier' type=androidx.compose.ui.Modifier.Companion origin=null
        all: CALL 'public final fun <get-dp> (): androidx.compose.ui.unit.Dp [inline] declared in androidx.compose.ui.unit.DpKt' type=androidx.compose.ui.unit.Dp origin=GET_PROPERTY
          $receiver: CONST Int type=kotlin.Int value=16
      verticalArrangement: COMPOSITE type=androidx.compose.foundation.layout.Arrangement.Vertical? origin=DEFAULT_VALUE
        CONST Null type=androidx.compose.foundation.layout.Arrangement.Vertical? value=null
      horizontalAlignment: COMPOSITE type=androidx.compose.ui.Alignment.Horizontal? origin=DEFAULT_VALUE
        CONST Null type=androidx.compose.ui.Alignment.Horizontal? value=null
      content: BLOCK type=@[ExtensionFunctionType] kotlin.Function1<androidx.compose.foundation.layout.ColumnScope, kotlin.Unit> origin=LAMBDA
        COMPOSITE type=kotlin.Unit origin=null
        FUNCTION_REFERENCE 'private final fun MicrowaveUI$lambda$9 ($status$delegate: androidx.compose.runtime.MutableState<kotlin.String>, $scope: kotlinx.coroutines.CoroutineScope, $microwave: com.tokheim.microwaveovenproject.data.FakeMicrowave): kotlin.Unit declared in com.tokheim.microwaveovenproject.MainActivityKt' type=@[ExtensionFunctionType] kotlin.Function1<androidx.compose.foundation.layout.ColumnScope, kotlin.Unit> origin=INLINE_LAMBDA reflectionTarget=null
          $status$delegate: GET_VAR 'val status$delegate: androidx.compose.runtime.MutableState<kotlin.String> [val] declared in com.tokheim.microwaveovenproject.MainActivityKt.MicrowaveUI' type=androidx.compose.runtime.MutableState<kotlin.String> origin=null
          $scope: GET_VAR 'val scope: kotlinx.coroutines.CoroutineScope [val] declared in com.tokheim.microwaveovenproject.MainActivityKt.MicrowaveUI' type=kotlinx.coroutines.CoroutineScope origin=null
          $microwave: GET_VAR 'microwave: com.tokheim.microwaveovenproject.data.FakeMicrowave declared in com.tokheim.microwaveovenproject.MainActivityKt.MicrowaveUI' type=com.tokheim.microwaveovenproject.data.FakeMicrowave origin=null
      $mask0: CONST Int type=kotlin.Int value=6
      $handler: CONST Null type=kotlin.Any? value=null

	at org.jetbrains.kotlin.backend.jvm.codegen.FunctionCodegen.generate(FunctionCodegen.kt:48)
	at org.jetbrains.kotlin.backend.jvm.codegen.FunctionCodegen.generate$default(FunctionCodegen.kt:41)
	at org.jetbrains.kotlin.backend.jvm.codegen.ClassCodegen.generateMethodNode(ClassCodegen.kt:405)
	at org.jetbrains.kotlin.backend.jvm.codegen.ClassCodegen.generateMethod(ClassCodegen.kt:422)
	at org.jetbrains.kotlin.backend.jvm.codegen.ClassCodegen.generate(ClassCodegen.kt:167)
	at org.jetbrains.kotlin.backend.jvm.JvmIrCodegenFactory.generateFile$lambda$18(JvmIrCodegenFactory.kt:398)
	at org.jetbrains.kotlin.backend.common.phaser.PhaseBuildersKt$createSimpleNamedCompilerPhase$1.phaseBody(PhaseBuilders.kt:68)
	at org.jetbrains.kotlin.config.phaser.SimpleNamedCompilerPhase.phaseBody(CompilerPhase.kt:215)
	at org.jetbrains.kotlin.config.phaser.NamedCompilerPhase.invoke(CompilerPhase.kt:111)
	at org.jetbrains.kotlin.backend.common.phaser.PerformByIrFilePhase.invokeSequential(performByIrFile.kt:51)
	... 43 more
Caused by: org.jetbrains.kotlin.codegen.CompilationException: Back-end (JVM) Internal error: Couldn't inline method call: CALL 'public final fun rememberCoroutineScope$default (getContext: @[DisallowComposableCalls] kotlin.Function0<kotlin.coroutines.CoroutineContext>?, $mask0: kotlin.Int, $handler: kotlin.Any?): kotlinx.coroutines.CoroutineScope [inline] declared in androidx.compose.runtime.EffectsKt' type=kotlinx.coroutines.CoroutineScope origin=DEFAULT_DISPATCH_CALL
Method: null
File is unknown
The root cause java.lang.IllegalStateException was thrown at: org.jetbrains.kotlin.codegen.inline.SourceCompilerForInlineKt.getMethodNode(SourceCompilerForInline.kt:128)
	at org.jetbrains.kotlin.codegen.inline.InlineCodegen.performInline(InlineCodegen.kt:65)
	at org.jetbrains.kotlin.backend.jvm.codegen.IrInlineCodegen.genInlineCall(IrInlineCodegen.kt:163)
	at org.jetbrains.kotlin.backend.jvm.codegen.IrInlineCallGenerator.genCall(IrInlineCallGenerator.kt:36)
	at org.jetbrains.kotlin.backend.jvm.codegen.ExpressionCodegen.visitCall(ExpressionCodegen.kt:594)
	at org.jetbrains.kotlin.backend.jvm.codegen.ExpressionCodegen.visitCall(ExpressionCodegen.kt:135)
	at org.jetbrains.kotlin.ir.expressions.IrCall.accept(IrCall.kt:24)
	at org.jetbrains.kotlin.backend.jvm.codegen.ExpressionCodegen.visitVariable(ExpressionCodegen.kt:734)
	at org.jetbrains.kotlin.backend.jvm.codegen.ExpressionCodegen.visitVariable(ExpressionCodegen.kt:135)
	at org.jetbrains.kotlin.ir.declarations.IrVariable.accept(IrVariable.kt:36)
	at org.jetbrains.kotlin.backend.jvm.codegen.ExpressionCodegen.visitStatementContainer(ExpressionCodegen.kt:520)
	at org.jetbrains.kotlin.backend.jvm.codegen.ExpressionCodegen.visitBlockBody(ExpressionCodegen.kt:525)
	at org.jetbrains.kotlin.backend.jvm.codegen.ExpressionCodegen.visitBlockBody(ExpressionCodegen.kt:135)
	at org.jetbrains.kotlin.ir.expressions.IrBlockBody.accept(IrBlockBody.kt:20)
	at org.jetbrains.kotlin.backend.jvm.codegen.ExpressionCodegen.generate(ExpressionCodegen.kt:237)
	at org.jetbrains.kotlin.backend.jvm.codegen.FunctionCodegen.doGenerate(FunctionCodegen.kt:124)
	at org.jetbrains.kotlin.backend.jvm.codegen.FunctionCodegen.generate(FunctionCodegen.kt:45)
	... 52 more
Caused by: java.lang.IllegalStateException: couldn't find inline method Landroidx/compose/runtime/EffectsKt;.rememberCoroutineScope$default(Lkotlin/jvm/functions/Function0;ILjava/lang/Object;)Lkotlinx/coroutines/CoroutineScope;
	at org.jetbrains.kotlin.codegen.inline.SourceCompilerForInlineKt.getMethodNode(SourceCompilerForInline.kt:128)
	at org.jetbrains.kotlin.codegen.inline.SourceCompilerForInlineKt.loadCompiledInlineFunction(SourceCompilerForInline.kt:97)
	at org.jetbrains.kotlin.backend.jvm.codegen.IrSourceCompilerForInline.compileInlineFunction(IrSourceCompilerForInline.kt:92)
	at org.jetbrains.kotlin.codegen.inline.InlineCodegen.compileInline(InlineCodegen.kt:42)
	at org.jetbrains.kotlin.codegen.inline.InlineCodegen.performInline(InlineCodegen.kt:50)
	... 67 more


